<?xml version="1.0" encoding="UTF-8"?>
<testng-results ignored="0" total="2" passed="2" failed="0" skipped="0">
  <reporter-output>
  </reporter-output>
  <suite started-at="2022-07-31T14:31:29 IST" name="Suite" finished-at="2022-07-31T14:32:31 IST" duration-ms="62103">
    <groups>
    </groups>
    <test started-at="2022-07-31T14:31:29 IST" name="Test" finished-at="2022-07-31T14:32:31 IST" duration-ms="62103">
      <class name="com.pushpa.tests.myTest">
        <test-method is-config="true" signature="dbConnection()[pri:0, instance:com.pushpa.tests.myTest@7bd4937b]" started-at="2022-07-31T14:31:29 IST" name="dbConnection" finished-at="2022-07-31T14:31:29 IST" duration-ms="24" status="PASS">
          <reporter-output>
          </reporter-output>
        </test-method> <!-- dbConnection -->
        <test-method is-config="true" signature="launchBrowser()[pri:0, instance:com.pushpa.tests.myTest@7bd4937b]" started-at="2022-07-31T14:31:29 IST" name="launchBrowser" finished-at="2022-07-31T14:31:34 IST" duration-ms="4749" status="PASS">
          <reporter-output>
          </reporter-output>
        </test-method> <!-- launchBrowser -->
        <test-method signature="imdbTest()[pri:1, instance:com.pushpa.tests.myTest@7bd4937b]" started-at="2022-07-31T14:31:34 IST" name="imdbTest" finished-at="2022-07-31T14:31:53 IST" duration-ms="19298" status="PASS">
          <reporter-output>
          </reporter-output>
        </test-method> <!-- imdbTest -->
        <test-method is-config="true" signature="closeBrowser()[pri:0, instance:com.pushpa.tests.myTest@7bd4937b]" started-at="2022-07-31T14:31:53 IST" name="closeBrowser" finished-at="2022-07-31T14:32:13 IST" duration-ms="20545" status="PASS">
          <reporter-output>
          </reporter-output>
        </test-method> <!-- closeBrowser -->
        <test-method is-config="true" signature="launchBrowser()[pri:0, instance:com.pushpa.tests.myTest@7bd4937b]" started-at="2022-07-31T14:32:13 IST" name="launchBrowser" finished-at="2022-07-31T14:32:15 IST" duration-ms="1910" status="PASS">
          <reporter-output>
          </reporter-output>
        </test-method> <!-- launchBrowser -->
        <test-method signature="wikiTest()[pri:2, instance:com.pushpa.tests.myTest@7bd4937b]" started-at="2022-07-31T14:32:15 IST" name="wikiTest" finished-at="2022-07-31T14:32:30 IST" duration-ms="14618" status="PASS">
          <reporter-output>
          </reporter-output>
        </test-method> <!-- wikiTest -->
        <test-method is-config="true" signature="closeBrowser()[pri:0, instance:com.pushpa.tests.myTest@7bd4937b]" started-at="2022-07-31T14:32:30 IST" name="closeBrowser" finished-at="2022-07-31T14:32:31 IST" duration-ms="875" status="PASS">
          <reporter-output>
          </reporter-output>
        </test-method> <!-- closeBrowser -->
        <test-method is-config="true" signature="closeDBConnection()[pri:0, instance:com.pushpa.tests.myTest@7bd4937b]" started-at="2022-07-31T14:32:31 IST" name="closeDBConnection" finished-at="2022-07-31T14:32:31 IST" duration-ms="1" status="PASS">
          <reporter-output>
          </reporter-output>
        </test-method> <!-- closeDBConnection -->
      </class> <!-- com.pushpa.tests.myTest -->
    </test> <!-- Test -->
  </suite> <!-- Suite -->
</testng-results>
